[2024-10-24 13:24:37,048: INFO :main:Welcome to the custom created logging]
[2024-10-24 15:49:22,375: INFO :common:yaml file: config\config.yaml loaded successfully]
[2024-10-24 15:49:22,396: INFO :common:yaml file: params.yaml loaded successfully]
[2024-10-24 15:49:22,421: INFO :common:yaml file: schema.yaml loaded successfully]
[2024-10-24 15:49:22,429: INFO :common:created directory at: artifacts]
[2024-10-24 15:49:22,431: INFO :common:created directory at: artifacts/data_ingestion]
[2024-10-24 15:49:23,499: INFO :3309049211:artifacts/data_ingestion/data.zip download! with following info: 
Connection: close
Content-Length: 23329
Cache-Control: max-age=300
Content-Security-Policy: default-src 'none'; style-src 'unsafe-inline'; sandbox
Content-Type: application/zip
ETag: "c69888a4ae59bc5a893392785a938ccd4937981c06ba8a9d6a21aa52b4ab5b6e"
Strict-Transport-Security: max-age=31536000
X-Content-Type-Options: nosniff
X-Frame-Options: deny
X-XSS-Protection: 1; mode=block
X-GitHub-Request-Id: EE67:1DF0AD:BDC0E:F26CB:671A1F2A
Accept-Ranges: bytes
Date: Thu, 24 Oct 2024 10:19:23 GMT
Via: 1.1 varnish
X-Served-By: cache-maa10233-MAA
X-Cache: MISS
X-Cache-Hits: 0
X-Timer: S1729765163.860848,VS0,VE282
Vary: Authorization,Accept-Encoding,Origin
Access-Control-Allow-Origin: *
Cross-Origin-Resource-Policy: cross-origin
X-Fastly-Request-ID: 8820e3a1219667b6516e8ae3a57ff7cae97169dc
Expires: Thu, 24 Oct 2024 10:24:23 GMT
Source-Age: 0

]
[2024-10-24 17:02:56,425: INFO :main:>>>>>> stage Data Ingestion stage started <<<<<<]
[2024-10-24 17:02:56,434: INFO :common:yaml file: config\config.yaml loaded successfully]
[2024-10-24 17:02:56,440: INFO :common:yaml file: params.yaml loaded successfully]
[2024-10-24 17:02:56,443: INFO :common:yaml file: schema.yaml loaded successfully]
[2024-10-24 17:02:56,446: INFO :common:created directory at: artifacts]
[2024-10-24 17:02:56,448: INFO :common:created directory at: artifacts/data_ingestion]
[2024-10-24 17:02:57,603: INFO :data_ingestion:artifacts/data_ingestion/data.zip download! with following info: 
Connection: close
Content-Length: 23329
Cache-Control: max-age=300
Content-Security-Policy: default-src 'none'; style-src 'unsafe-inline'; sandbox
Content-Type: application/zip
ETag: "c69888a4ae59bc5a893392785a938ccd4937981c06ba8a9d6a21aa52b4ab5b6e"
Strict-Transport-Security: max-age=31536000
X-Content-Type-Options: nosniff
X-Frame-Options: deny
X-XSS-Protection: 1; mode=block
X-GitHub-Request-Id: CEF7:20377B:B3077:DC716:671A3068
Accept-Ranges: bytes
Date: Thu, 24 Oct 2024 11:32:57 GMT
Via: 1.1 varnish
X-Served-By: cache-maa10222-MAA
X-Cache: MISS
X-Cache-Hits: 0
X-Timer: S1729769577.948619,VS0,VE305
Vary: Authorization,Accept-Encoding,Origin
Access-Control-Allow-Origin: *
Cross-Origin-Resource-Policy: cross-origin
X-Fastly-Request-ID: b112e2ad474761485dc099394df6c00b39e017b8
Expires: Thu, 24 Oct 2024 11:37:57 GMT
Source-Age: 0

]
[2024-10-24 17:02:57,637: INFO :main:>>>>>> stage Data Ingestion stage completed <<<<<<

x==========x]
[2024-10-24 17:02:57,639: INFO :main:Welcome to the custom created logging]
[2024-10-24 18:00:05,070: INFO :common:yaml file: config\config.yaml loaded successfully]
[2024-10-24 18:00:05,105: INFO :common:yaml file: schema.yaml loaded successfully]
[2024-10-24 18:00:05,111: INFO :common:yaml file: params.yaml loaded successfully]
[2024-10-24 18:00:05,114: INFO :common:created directory at: artifacts]
[2024-10-24 18:00:05,114: INFO :common:created directory at: artifacts/data_validation]
[2024-10-24 18:48:48,371: INFO :main:>>>>>> stage Data Ingestion stage started <<<<<<]
[2024-10-24 18:48:48,375: INFO :common:yaml file: config\config.yaml loaded successfully]
[2024-10-24 18:48:48,375: INFO :common:yaml file: params.yaml loaded successfully]
[2024-10-24 18:48:48,381: INFO :common:yaml file: schema.yaml loaded successfully]
[2024-10-24 18:48:48,382: INFO :common:created directory at: artifacts]
[2024-10-24 18:48:48,383: INFO :common:created directory at: artifacts/data_ingestion]
[2024-10-24 18:48:48,383: INFO :data_ingestion:File already exists]
[2024-10-24 18:48:48,396: INFO :main:>>>>>> stage Data Ingestion stage completed <<<<<<

x==========x]
[2024-10-24 18:48:48,397: INFO :main:>>>>>> stage Data validation Stage started <<<<<<]
[2024-10-24 18:48:48,401: INFO :common:yaml file: config\config.yaml loaded successfully]
[2024-10-24 18:48:48,401: INFO :common:yaml file: params.yaml loaded successfully]
[2024-10-24 18:48:48,406: INFO :common:yaml file: schema.yaml loaded successfully]
[2024-10-24 18:48:48,406: INFO :common:created directory at: artifacts]
[2024-10-24 18:48:48,408: INFO :common:created directory at: artifacts/data_validation]
[2024-10-24 18:48:48,449: INFO :main:>>>>>> stage Data validation Stage completed <<<<<<

x==========x]
[2024-10-24 20:27:06,298: INFO :common:yaml file: config\config.yaml loaded successfully]
[2024-10-24 20:27:06,352: INFO :common:yaml file: params.yaml loaded successfully]
[2024-10-24 20:27:06,357: INFO :common:yaml file: schema.yaml loaded successfully]
[2024-10-24 20:27:06,359: INFO :common:created directory at: artifacts]
[2024-10-24 20:27:06,362: INFO :common:created directory at: artifacts/data_transformation]
[2024-10-24 20:27:06,412: INFO :741865018:Splited data into training and test sets]
[2024-10-24 20:27:06,414: INFO :741865018:(1199, 12)]
[2024-10-24 20:27:06,415: INFO :741865018:(400, 12)]
[2024-10-24 20:39:21,126: INFO :main:>>>>>> stage Data Ingestion stage started <<<<<<]
[2024-10-24 20:39:21,129: INFO :common:yaml file: config\config.yaml loaded successfully]
[2024-10-24 20:39:21,130: INFO :common:yaml file: params.yaml loaded successfully]
[2024-10-24 20:39:21,133: INFO :common:yaml file: schema.yaml loaded successfully]
[2024-10-24 20:39:21,133: INFO :common:created directory at: artifacts]
[2024-10-24 20:39:21,135: INFO :common:created directory at: artifacts/data_ingestion]
[2024-10-24 20:39:21,135: INFO :data_ingestion:File already exists]
[2024-10-24 20:39:21,145: INFO :main:>>>>>> stage Data Ingestion stage completed <<<<<<

x==========x]
[2024-10-24 20:39:21,146: INFO :main:>>>>>> stage Data validation Stage started <<<<<<]
[2024-10-24 20:39:21,148: INFO :common:yaml file: config\config.yaml loaded successfully]
[2024-10-24 20:39:21,148: INFO :common:yaml file: params.yaml loaded successfully]
[2024-10-24 20:39:21,150: INFO :common:yaml file: schema.yaml loaded successfully]
[2024-10-24 20:39:21,151: INFO :common:created directory at: artifacts]
[2024-10-24 20:39:21,151: INFO :common:created directory at: artifacts/data_validation]
[2024-10-24 20:39:21,205: INFO :main:>>>>>> stage Data validation Stage completed <<<<<<

x==========x]
[2024-10-24 20:39:21,205: INFO :main:>>>>>> stage Data transformation Stage started <<<<<<]
[2024-10-24 20:39:21,207: INFO :common:yaml file: config\config.yaml loaded successfully]
[2024-10-24 20:39:21,208: INFO :common:yaml file: params.yaml loaded successfully]
[2024-10-24 20:39:21,210: INFO :common:yaml file: schema.yaml loaded successfully]
[2024-10-24 20:39:21,211: INFO :common:created directory at: artifacts]
[2024-10-24 20:39:21,211: INFO :common:created directory at: artifacts/data_transformation]
[2024-10-24 20:39:21,235: INFO :data_transformation:Splited data into training and test sets]
[2024-10-24 20:39:21,236: INFO :data_transformation:(1199, 12)]
[2024-10-24 20:39:21,236: INFO :data_transformation:(400, 12)]
[2024-10-24 20:39:21,238: INFO :main:>>>>>> stage Data transformation Stage completed <<<<<<

x==========x]
[2024-10-25 00:19:28,360: INFO :common:yaml file: config\config.yaml loaded successfully]
[2024-10-25 00:19:28,375: INFO :common:yaml file: params.yaml loaded successfully]
[2024-10-25 00:19:28,393: INFO :common:yaml file: schema.yaml loaded successfully]
[2024-10-25 00:19:28,397: INFO :common:created directory at: artifacts]
[2024-10-25 00:19:28,399: INFO :common:created directory at: artifacts/model_trainer]
[2024-10-25 00:30:42,221: INFO :main:>>>>>> stage Data Ingestion stage started <<<<<<]
[2024-10-25 00:30:42,224: INFO :common:yaml file: config\config.yaml loaded successfully]
[2024-10-25 00:30:42,226: INFO :common:yaml file: params.yaml loaded successfully]
[2024-10-25 00:30:42,228: INFO :common:yaml file: schema.yaml loaded successfully]
[2024-10-25 00:30:42,229: INFO :common:created directory at: artifacts]
[2024-10-25 00:30:42,229: INFO :common:created directory at: artifacts/data_ingestion]
[2024-10-25 00:30:42,230: INFO :data_ingestion:File already exists]
[2024-10-25 00:30:42,239: INFO :main:>>>>>> stage Data Ingestion stage completed <<<<<<

x==========x]
[2024-10-25 00:30:42,240: INFO :main:>>>>>> stage Data validation Stage started <<<<<<]
[2024-10-25 00:30:42,243: INFO :common:yaml file: config\config.yaml loaded successfully]
[2024-10-25 00:30:42,245: INFO :common:yaml file: params.yaml loaded successfully]
[2024-10-25 00:30:42,246: INFO :common:yaml file: schema.yaml loaded successfully]
[2024-10-25 00:30:42,247: INFO :common:created directory at: artifacts]
[2024-10-25 00:30:42,247: INFO :common:created directory at: artifacts/data_validation]
[2024-10-25 00:30:42,265: INFO :main:>>>>>> stage Data validation Stage completed <<<<<<

x==========x]
[2024-10-25 00:30:42,265: INFO :main:>>>>>> stage Data transformation Stage started <<<<<<]
[2024-10-25 00:30:42,268: INFO :common:yaml file: config\config.yaml loaded successfully]
[2024-10-25 00:30:42,269: INFO :common:yaml file: params.yaml loaded successfully]
[2024-10-25 00:30:42,271: INFO :common:yaml file: schema.yaml loaded successfully]
[2024-10-25 00:30:42,271: INFO :common:created directory at: artifacts]
[2024-10-25 00:30:42,272: INFO :common:created directory at: artifacts/data_transformation]
[2024-10-25 00:30:42,304: INFO :data_transformation:Splited data into training and test sets]
[2024-10-25 00:30:42,305: INFO :data_transformation:(1199, 12)]
[2024-10-25 00:30:42,305: INFO :data_transformation:(400, 12)]
[2024-10-25 00:30:42,306: INFO :main:>>>>>> stage Data transformation Stage completed <<<<<<

x==========x]
[2024-10-25 00:30:42,307: INFO :main:>>>>>> stage Model Training Stage started <<<<<<]
[2024-10-25 00:30:42,309: INFO :common:yaml file: config\config.yaml loaded successfully]
[2024-10-25 00:30:42,310: INFO :common:yaml file: params.yaml loaded successfully]
[2024-10-25 00:30:42,312: INFO :common:yaml file: schema.yaml loaded successfully]
[2024-10-25 00:30:42,313: INFO :common:created directory at: artifacts]
[2024-10-25 00:30:42,314: INFO :common:created directory at: artifacts/model_trainer]
[2024-10-25 00:30:42,343: INFO :main:>>>>>> stage Model Training Stage completed <<<<<<

x==========x]
